<?xml version="1.0" encoding="UTF-8"?>
<testsuite name="org.example.ClientTest" tests="3" skipped="0" failures="0" errors="0" timestamp="2024-04-01T03:51:06" hostname="luis-GF65" time="0.024">
  <properties/>
  <testcase name="shouldAllowToAddAddress()" classname="org.example.ClientTest" time="0.019"/>
  <testcase name="afterCreationShouldHaveNoAddress()" classname="org.example.ClientTest" time="0.001"/>
  <testcase name="ShouldAllowToAddress()" classname="org.example.ClientTest" time="0.001"/>
  <system-out><![CDATA[]]></system-out>
  <system-err><![CDATA[]]></system-err>
</testsuite>
